14:58:05 **** Build of configuration Nios II for project assembly_demo ****
make all 
Info: Building ../assembly_demo_bsp/
C:/intelFPGA/18.1/nios2eds/bin/gnu/H-x86_64-mingw32/bin/make --no-print-directory -C ../assembly_demo_bsp/
[BSP build complete]
Info: Assembling find_max.s to obj/default/find_max.o
nios2-elf-gcc -MP -MMD -c -I../assembly_demo_bsp//HAL/inc -I../assembly_demo_bsp/ -I../assembly_demo_bsp//drivers/inc  -pipe -D__hal__ -DALT_NO_INSTRUCTION_EMULATION -DALT_SINGLE_THREADED    -O0 -g -Wall   -mno-hw-div -mno-hw-mul -mno-hw-mulx -mgpopt=global  -Wa,-I../assembly_demo_bsp//HAL/inc -Wa,-I../assembly_demo_bsp/ -Wa,-I../assembly_demo_bsp//drivers/inc -Wa,-gdwarf2 -o obj/default/find_max.o find_max.s
Info: Linking assembly_demo.elf
nios2-elf-g++  -T'../assembly_demo_bsp//linker.x' -msys-crt0='../assembly_demo_bsp//obj/HAL/src/crt0.o' -msys-lib=hal_bsp -L../assembly_demo_bsp/   -Wl,-Map=assembly_demo.map   -O0 -g -Wall   -mno-hw-div -mno-hw-mul -mno-hw-mulx -mgpopt=global  -o assembly_demo.elf obj/default/find_max.o -lm -msys-lib=m
nios2-elf-insert assembly_demo.elf --thread_model hal --cpu_name nios2_gen2_0 --qsys true --simulation_enabled false --id 2 --sidp 0x11020 --timestamp 1727202960 --stderr_dev none --stdin_dev none --stdout_dev none --sopc_system_name nios_system --quartus_project_dir "C:/Users/rjd5748/Repos/CPET-561/Demo2" --jdi ../..//output_files/assembly_demo.jdi --sopcinfo C:/Users/rjd5748/Repos/CPET-561/Demo2/software/assembly_demo_bsp/../../nios_system.sopcinfo
Info: (assembly_demo.elf) 3732 Bytes program size (code + initialized data).
Info:                     26 KBytes free for stack + heap.
Info: Creating assembly_demo.objdump
nios2-elf-objdump --disassemble --syms --all-header --source assembly_demo.elf >assembly_demo.objdump
[assembly_demo build complete]
14:59:03 **** Incremental Build of configuration Nios II for project assembly_demo ****
make all 
Info: Building ../assembly_demo_bsp/
C:/intelFPGA/18.1/nios2eds/bin/gnu/H-x86_64-mingw32/bin/make --no-print-directory -C ../assembly_demo_bsp/
[BSP build complete]
[assembly_demo build complete]
15:00:22 **** Incremental Build of configuration Nios II for project assembly_demo ****
make all 
Info: Building ../assembly_demo_bsp/
C:/intelFPGA/18.1/nios2eds/bin/gnu/H-x86_64-mingw32/bin/make --no-print-directory -C ../assembly_demo_bsp/
[BSP build complete]
[assembly_demo build complete]
15:08:28 **** Incremental Build of configuration Nios II for project assembly_demo_bsp ****
make all 
[BSP build complete]
15:08:41 **** Incremental Build of configuration Nios II for project assembly_demo ****
make all 
Info: Building ../assembly_demo_bsp/
C:/intelFPGA/18.1/nios2eds/bin/gnu/H-x86_64-mingw32/bin/make --no-print-directory -C ../assembly_demo_bsp/
[BSP build complete]
Info: Assembling lights.s to obj/default/lights.o
nios2-elf-gcc -MP -MMD -c -I../assembly_demo_bsp//HAL/inc -I../assembly_demo_bsp/ -I../assembly_demo_bsp//drivers/inc  -pipe -D__hal__ -DALT_NO_INSTRUCTION_EMULATION -DALT_SINGLE_THREADED    -O0 -g -Wall   -mno-hw-div -mno-hw-mul -mno-hw-mulx -mgpopt=global  -Wa,-I../assembly_demo_bsp//HAL/inc -Wa,-I../assembly_demo_bsp/ -Wa,-I../assembly_demo_bsp//drivers/inc -Wa,-gdwarf2 -o obj/default/lights.o lights.s
Info: Linking assembly_demo.elf
nios2-elf-g++  -T'../assembly_demo_bsp//linker.x' -msys-crt0='../assembly_demo_bsp//obj/HAL/src/crt0.o' -msys-lib=hal_bsp -L../assembly_demo_bsp/   -Wl,-Map=assembly_demo.map   -O0 -g -Wall   -mno-hw-div -mno-hw-mul -mno-hw-mulx -mgpopt=global  -o assembly_demo.elf obj/default/lights.o -lm -msys-lib=m
nios2-elf-insert assembly_demo.elf --thread_model hal --cpu_name nios2_gen2_0 --qsys true --simulation_enabled false --id 2 --sidp 0x11020 --timestamp 1727202960 --stderr_dev none --stdin_dev none --stdout_dev none --sopc_system_name nios_system --quartus_project_dir "C:/Users/rjd5748/Repos/CPET-561/Demo2" --jdi ../..//output_files/assembly_demo.jdi --sopcinfo C:/Users/rjd5748/Repos/CPET-561/Demo2/software/assembly_demo_bsp/../../nios_system.sopcinfo
Info: (assembly_demo.elf) 3668 Bytes program size (code + initialized data).
Info:                     26 KBytes free for stack + heap.
Info: Creating assembly_demo.objdump
nios2-elf-objdump --disassemble --syms --all-header --source assembly_demo.elf >assembly_demo.objdump
[assembly_demo build complete]
15:09:01 **** Incremental Build of configuration Nios II for project assembly_demo ****
make all 
Info: Building ../assembly_demo_bsp/
C:/intelFPGA/18.1/nios2eds/bin/gnu/H-x86_64-mingw32/bin/make --no-print-directory -C ../assembly_demo_bsp/
[BSP build complete]
[assembly_demo build complete]
