18:38:08 **** Incremental Build of configuration Nios II for project Lab6_Part2_APP ****
make all 
Info: Building ../Lab6_Part2_APP_bsp/
C:/intelFPGA_lite/18.1/nios2eds/bin/gnu/H-x86_64-mingw32/bin/make --no-print-directory -C ../Lab6_Part2_APP_bsp/
[BSP build complete]
Info: Linking Lab6_Part2_APP.elf
nios2-elf-g++  -T'../Lab6_Part2_APP_bsp//linker.x' -msys-crt0='../Lab6_Part2_APP_bsp//obj/HAL/src/crt0.o' -msys-lib=hal_bsp -L../Lab6_Part2_APP_bsp/  -msmallc  -Wl,-Map=Lab6_Part2_APP.map   -O0 -g -Wall   -mno-hw-div -mno-hw-mul -mno-hw-mulx -mgpopt=global  -o Lab6_Part2_APP.elf obj/default/Lab6_Part2.o -lm -msys-lib=m
nios2-elf-insert Lab6_Part2_APP.elf --thread_model hal --cpu_name nios2_gen2_0 --qsys true --simulation_enabled false --id 0 --sidp 0x9028 --timestamp 1733094545 --stderr_dev jtag_uart_0 --stdin_dev jtag_uart_0 --stdout_dev jtag_uart_0 --sopc_system_name nios_system --quartus_project_dir "C:/Users/rache/Repositories/CPET-561/Lab6/Quartus/part1" --jdi ../..//output_files/raminfr.jdi --sopcinfo C:/Users/rache/Repositories/CPET-561/Lab6/Quartus/part1/software/Lab6_Part2_APP_bsp/../../nios_system.sopcinfo
Info: (Lab6_Part2_APP.elf) 5644 Bytes program size (code + initialized data).
Info:                      10008 Bytes free for stack + heap.
Info: Creating Lab6_Part2_APP.objdump
nios2-elf-objdump --disassemble --syms --all-header --source Lab6_Part2_APP.elf >Lab6_Part2_APP.objdump
[Lab6_Part2_APP build complete]
18:38:46 **** Build of configuration Nios II for project Lab6_Part2_APP ****
make all 
Info: Building ../Lab6_Part2_APP_bsp/
C:/intelFPGA_lite/18.1/nios2eds/bin/gnu/H-x86_64-mingw32/bin/make --no-print-directory -C ../Lab6_Part2_APP_bsp/
[BSP build complete]
[Lab6_Part2_APP build complete]
18:39:15 **** Build of configuration Nios II for project Lab6_Part2_APP ****
make all 
Info: Building ../Lab6_Part2_APP_bsp/
C:/intelFPGA_lite/18.1/nios2eds/bin/gnu/H-x86_64-mingw32/bin/make --no-print-directory -C ../Lab6_Part2_APP_bsp/
[BSP build complete]
[Lab6_Part2_APP build complete]
18:39:33 **** Build of configuration Nios II for project Lab6_Part2_APP ****
make all 
Info: Building ../Lab6_Part2_APP_bsp/
C:/intelFPGA_lite/18.1/nios2eds/bin/gnu/H-x86_64-mingw32/bin/make --no-print-directory -C ../Lab6_Part2_APP_bsp/
[BSP build complete]
[Lab6_Part2_APP build complete]
18:40:22 **** Build of configuration Nios II for project Lab6_Part2_APP ****
make all 
Info: Building ../Lab6_Part2_APP_bsp/
C:/intelFPGA_lite/18.1/nios2eds/bin/gnu/H-x86_64-mingw32/bin/make --no-print-directory -C ../Lab6_Part2_APP_bsp/
[BSP build complete]
[Lab6_Part2_APP build complete]
