15:25:56 **** Build of configuration Nios II for project int_demo ****
make all 
Info: Building ../int_demo_bsp/
C:/intelFPGA/18.1/nios2eds/bin/gnu/H-x86_64-mingw32/bin/make --no-print-directory -C ../int_demo_bsp/
[BSP build complete]
Info: Compiling int_demo.c to obj/default/int_demo.o
nios2-elf-gcc -xc -MP -MMD -c -I../int_demo_bsp//HAL/inc -I../int_demo_bsp/ -I../int_demo_bsp//drivers/inc  -pipe -D__hal__ -DALT_NO_INSTRUCTION_EMULATION -DALT_SINGLE_THREADED    -O0 -g -Wall   -mno-hw-div -mno-hw-mul -mno-hw-mulx -mgpopt=global  -o obj/default/int_demo.o int_demo.c
Info: Linking int_demo.elf
nios2-elf-g++  -T'../int_demo_bsp//linker.x' -msys-crt0='../int_demo_bsp//obj/HAL/src/crt0.o' -msys-lib=hal_bsp -L../int_demo_bsp/   -Wl,-Map=int_demo.map   -O0 -g -Wall   -mno-hw-div -mno-hw-mul -mno-hw-mulx -mgpopt=global  -o int_demo.elf obj/default/int_demo.o -lm -msys-lib=m
nios2-elf-insert int_demo.elf --thread_model hal --cpu_name nios2_gen2_0 --qsys true --simulation_enabled false --id 0 --sidp 0x11038 --timestamp 1730837944 --stderr_dev jtag_uart_0 --stdin_dev jtag_uart_0 --stdout_dev jtag_uart_0 --sopc_system_name nios_system --quartus_project_dir "C:/Users/rjd5748/CPET-561/Demo3" --jdi ../..//output_files/int_demo.jdi --sopcinfo C:/Users/rjd5748/CPET-561/Demo3/software/int_demo_bsp/../../nios_system.sopcinfo
Info: (int_demo.elf) 15 KBytes program size (code + initialized data).
Info:                10 KBytes free for stack + heap.
Info: Creating int_demo.objdump
nios2-elf-objdump --disassemble --syms --all-header --source int_demo.elf >int_demo.objdump
[int_demo build complete]
15:26:39 **** Incremental Build of configuration Nios II for project int_demo ****
make all 
Info: Building ../int_demo_bsp/
C:/intelFPGA/18.1/nios2eds/bin/gnu/H-x86_64-mingw32/bin/make --no-print-directory -C ../int_demo_bsp/
[BSP build complete]
[int_demo build complete]
