14:48:25 **** Incremental Build of configuration Nios II for project nios_software ****
make all 
Info: Building C:/gitrepos/CPET561/DE1_SoC_Lab9/src/SW/nios_software_bsp/
C:/intelFPGA_lite/18.1/nios2eds/bin/gnu/H-x86_64-mingw32/bin/make --no-print-directory -C C:/gitrepos/CPET561/DE1_SoC_Lab9/src/SW/nios_software_bsp/
[BSP build complete]
Info: Compiling Lab_9.c to obj/default/Lab_9.o
nios2-elf-gcc -xc -MP -MMD -c -IC:/gitrepos/CPET561/DE1_SoC_Lab9/src/SW/nios_software_bsp//HAL/inc -IC:/gitrepos/CPET561/DE1_SoC_Lab9/src/SW/nios_software_bsp/ -IC:/gitrepos/CPET561/DE1_SoC_Lab9/src/SW/nios_software_bsp//drivers/inc  -pipe -D__hal__ -DALT_NO_INSTRUCTION_EMULATION -DALT_SINGLE_THREADED    -O0 -g -Wall   -mno-hw-div -mno-hw-mul -mno-hw-mulx -mgpopt=global  -o obj/default/Lab_9.o Lab_9.c
Info: Linking nios_software.elf
nios2-elf-g++  -T'C:/gitrepos/CPET561/DE1_SoC_Lab9/src/SW/nios_software_bsp//linker.x' -msys-crt0='C:/gitrepos/CPET561/DE1_SoC_Lab9/src/SW/nios_software_bsp//obj/HAL/src/crt0.o' -msys-lib=hal_bsp -LC:/gitrepos/CPET561/DE1_SoC_Lab9/src/SW/nios_software_bsp/   -Wl,-Map=nios_software.map   -O0 -g -Wall   -mno-hw-div -mno-hw-mul -mno-hw-mulx -mgpopt=global  -o nios_software.elf obj/default/Lab_9.o -lm -msys-lib=m
nios2-elf-insert nios_software.elf --thread_model hal --cpu_name nios2_gen2_0 --qsys true --simulation_enabled false --id 1 --sidp 0x4021070 --timestamp 1700675500 --stderr_dev jtag_uart_0 --stdin_dev jtag_uart_0 --stdout_dev jtag_uart_0 --sopc_system_name nios_system --quartus_project_dir "c:/gitrepos/CPET561/DE1_SoC_Lab9/src/HW/nios_system" --sopcinfo C:/gitrepos/CPET561/DE1_SoC_Lab9/src/HW/nios_system/nios_system.sopcinfo
Info: (nios_software.elf) 34 KBytes program size (code + initialized data).
Info:                     22 KBytes free for stack + heap.
Info: Creating nios_software.objdump
nios2-elf-objdump --disassemble --syms --all-header --source nios_software.elf >nios_software.objdump
[nios_software build complete]
14:48:40 **** Incremental Build of configuration Nios II for project nios_software ****
make all 
Info: Building C:/gitrepos/CPET561/DE1_SoC_Lab9/src/SW/nios_software_bsp/
C:/intelFPGA_lite/18.1/nios2eds/bin/gnu/H-x86_64-mingw32/bin/make --no-print-directory -C C:/gitrepos/CPET561/DE1_SoC_Lab9/src/SW/nios_software_bsp/
[BSP build complete]
[nios_software build complete]
