Flow report for Lab_9_top
Wed Nov 22 12:54:29 2023
Quartus Prime Version 18.1.0 Build 625 09/12/2018 SJ Lite Edition


---------------------
; Table of Contents ;
---------------------
  1. Legal Notice
  2. Flow Summary
  3. Flow Settings
  4. Flow Non-Default Global Settings
  5. Flow Elapsed Time
  6. Flow OS Summary
  7. Flow Log
  8. Flow Messages
  9. Flow Suppressed Messages



----------------
; Legal Notice ;
----------------
Copyright (C) 2018  Intel Corporation. All rights reserved.
Your use of Intel Corporation's design tools, logic functions 
and other software and tools, and its AMPP partner logic 
functions, and any output files from any of the foregoing 
(including device programming or simulation files), and any 
associated documentation or information are expressly subject 
to the terms and conditions of the Intel Program License 
Subscription Agreement, the Intel Quartus Prime License Agreement,
the Intel FPGA IP License Agreement, or other applicable license
agreement, including, without limitation, that your use is for
the sole purpose of programming logic devices manufactured by
Intel and sold by Intel or its authorized distributors.  Please
refer to the applicable agreement for further details.



+-------------------------------------------------------------------------------+
; Flow Summary                                                                  ;
+---------------------------------+---------------------------------------------+
; Flow Status                     ; Successful - Wed Nov 22 12:54:18 2023       ;
; Quartus Prime Version           ; 18.1.0 Build 625 09/12/2018 SJ Lite Edition ;
; Revision Name                   ; Lab_9_top                                   ;
; Top-level Entity Name           ; Lab_9_top                                   ;
; Family                          ; Cyclone V                                   ;
; Device                          ; 5CSEMA5F31C6                                ;
; Timing Models                   ; Final                                       ;
; Logic utilization (in ALMs)     ; 1,483 / 32,070 ( 5 % )                      ;
; Total registers                 ; 1964                                        ;
; Total pins                      ; 104 / 457 ( 23 % )                          ;
; Total virtual pins              ; 0                                           ;
; Total block memory bits         ; 543,872 / 4,065,280 ( 13 % )                ;
; Total DSP Blocks                ; 9 / 87 ( 10 % )                             ;
; Total HSSI RX PCSs              ; 0                                           ;
; Total HSSI PMA RX Deserializers ; 0                                           ;
; Total HSSI TX PCSs              ; 0                                           ;
; Total HSSI PMA TX Serializers   ; 0                                           ;
; Total PLLs                      ; 1 / 6 ( 17 % )                              ;
; Total DLLs                      ; 0 / 4 ( 0 % )                               ;
+---------------------------------+---------------------------------------------+


+-----------------------------------------+
; Flow Settings                           ;
+-------------------+---------------------+
; Option            ; Setting             ;
+-------------------+---------------------+
; Start date & time ; 11/22/2023 12:52:18 ;
; Main task         ; Compilation         ;
; Revision Name     ; Lab_9_top           ;
+-------------------+---------------------+


+------------------------------------------------------------------------------------------------------------------------------------------------------------+
; Flow Non-Default Global Settings                                                                                                                           ;
+-------------------------------------+---------------------------------------------------------------------------+---------------+-------------+------------+
; Assignment Name                     ; Value                                                                     ; Default Value ; Entity Name ; Section Id ;
+-------------------------------------+---------------------------------------------------------------------------+---------------+-------------+------------+
; COMPILER_SIGNATURE_ID               ; 4681951507800.170067553816876                                             ; --            ; --          ; --         ;
; MISC_FILE                           ; ../../src/HW/nios_system/nios_system/synthesis/../nios_system.cmp         ; --            ; --          ; --         ;
; MISC_FILE                           ; ../../src/HW/nios_system/nios_system/synthesis/../../nios_system.qsys     ; --            ; --          ; --         ;
; PARTITION_COLOR                     ; -- (Not supported for targeted family)                                    ; --            ; --          ; Top        ;
; PARTITION_FITTER_PRESERVATION_LEVEL ; -- (Not supported for targeted family)                                    ; --            ; --          ; Top        ;
; PARTITION_NETLIST_TYPE              ; -- (Not supported for targeted family)                                    ; --            ; --          ; Top        ;
; PROJECT_OUTPUT_DIRECTORY            ; ../output_files                                                           ; --            ; --          ; --         ;
; SLD_FILE                            ; ../../src/HW/nios_system/nios_system/synthesis/nios_system.regmap         ; --            ; --          ; --         ;
; SLD_FILE                            ; ../../src/HW/nios_system/nios_system/synthesis/nios_system.debuginfo      ; --            ; --          ; --         ;
; SLD_INFO                            ; QSYS_NAME nios_system HAS_SOPCINFO 1 GENERATION_ID 1700675500             ; --            ; nios_system ; --         ;
; SOPCINFO_FILE                       ; ../../src/HW/nios_system/nios_system/synthesis/../../nios_system.sopcinfo ; --            ; --          ; --         ;
; SYNTHESIS_ONLY_QIP                  ; On                                                                        ; --            ; --          ; --         ;
+-------------------------------------+---------------------------------------------------------------------------+---------------+-------------+------------+


+--------------------------------------------------------------------------------------------------------------------------+
; Flow Elapsed Time                                                                                                        ;
+----------------------+--------------+-------------------------+---------------------+------------------------------------+
; Module Name          ; Elapsed Time ; Average Processors Used ; Peak Virtual Memory ; Total CPU Time (on all processors) ;
+----------------------+--------------+-------------------------+---------------------+------------------------------------+
; Analysis & Synthesis ; 00:00:33     ; 1.0                     ; 5079 MB             ; 00:00:59                           ;
; Fitter               ; 00:01:15     ; 1.2                     ; 7659 MB             ; 00:05:00                           ;
; Assembler            ; 00:00:06     ; 1.0                     ; 4886 MB             ; 00:00:07                           ;
; Timing Analyzer      ; 00:00:10     ; 2.0                     ; 5453 MB             ; 00:00:17                           ;
; Total                ; 00:02:04     ; --                      ; --                  ; 00:06:23                           ;
+----------------------+--------------+-------------------------+---------------------+------------------------------------+


+------------------------------------------------------------------------------------+
; Flow OS Summary                                                                    ;
+----------------------+------------------+------------+------------+----------------+
; Module Name          ; Machine Hostname ; OS Name    ; OS Version ; Processor type ;
+----------------------+------------------+------------+------------+----------------+
; Analysis & Synthesis ; DESKTOP-NQ5UL4N  ; Windows 10 ; 10.0       ; x86_64         ;
; Fitter               ; DESKTOP-NQ5UL4N  ; Windows 10 ; 10.0       ; x86_64         ;
; Assembler            ; DESKTOP-NQ5UL4N  ; Windows 10 ; 10.0       ; x86_64         ;
; Timing Analyzer      ; DESKTOP-NQ5UL4N  ; Windows 10 ; 10.0       ; x86_64         ;
+----------------------+------------------+------------+------------+----------------+


------------
; Flow Log ;
------------
quartus_map --read_settings_files=on --write_settings_files=off Lab_9_top -c Lab_9_top
quartus_fit --read_settings_files=off --write_settings_files=off Lab_9_top -c Lab_9_top
quartus_asm --read_settings_files=off --write_settings_files=off Lab_9_top -c Lab_9_top
quartus_sta Lab_9_top -c Lab_9_top



