17:58:08 **** Build of configuration Nios II for project custom_component ****
make all 
Info: Building ../custom_component_bsp/
C:/intelFPGA_lite/18.1/nios2eds/bin/gnu/H-x86_64-mingw32/bin/make --no-print-directory -C ../custom_component_bsp/
[BSP build complete]
Info: Compiling custom_component_demo.c to obj/default/custom_component_demo.o
nios2-elf-gcc -xc -MP -MMD -c -I../custom_component_bsp//HAL/inc -I../custom_component_bsp/ -I../custom_component_bsp//drivers/inc  -pipe -D__hal__ -DALT_NO_INSTRUCTION_EMULATION -DALT_SINGLE_THREADED    -O0 -g -Wall   -mno-hw-div -mno-hw-mul -mno-hw-mulx -mgpopt=global  -o obj/default/custom_component_demo.o custom_component_demo.c
Info: Linking custom_component.elf
nios2-elf-g++  -T'../custom_component_bsp//linker.x' -msys-crt0='../custom_component_bsp//obj/HAL/src/crt0.o' -msys-lib=hal_bsp -L../custom_component_bsp/   -Wl,-Map=custom_component.map   -O0 -g -Wall   -mno-hw-div -mno-hw-mul -mno-hw-mulx -mgpopt=global  -o custom_component.elf obj/default/custom_component_demo.o -lm -msys-lib=m
nios2-elf-insert custom_component.elf --thread_model hal --cpu_name nios2_gen2_0 --qsys true --simulation_enabled false --id 0 --sidp 0x11028 --timestamp 1732056422 --stderr_dev jtag_uart_0 --stdin_dev jtag_uart_0 --stdout_dev jtag_uart_0 --sopc_system_name nios_system --quartus_project_dir "C:/Users/rache/Repositories/CPET-561/DemoCustomComponents" --jdi ../..//output_files/custom_component_demo.jdi --sopcinfo C:/Users/rache/Repositories/CPET-561/DemoCustomComponents/software/custom_component_bsp/../../nios_system.sopcinfo
Info: (custom_component.elf) 15 KBytes program size (code + initialized data).
Info:                        11 KBytes free for stack + heap.
Info: Creating custom_component.objdump
nios2-elf-objdump --disassemble --syms --all-header --source custom_component.elf >custom_component.objdump
[custom_component build complete]
17:58:24 **** Build of configuration Nios II for project custom_component ****
make all 
Info: Building ../custom_component_bsp/
C:/intelFPGA_lite/18.1/nios2eds/bin/gnu/H-x86_64-mingw32/bin/make --no-print-directory -C ../custom_component_bsp/
[BSP build complete]
[custom_component build complete]
17:58:25 **** Incremental Build of configuration Nios II for project custom_component ****
make all 
Info: Building ../custom_component_bsp/
C:/intelFPGA_lite/18.1/nios2eds/bin/gnu/H-x86_64-mingw32/bin/make --no-print-directory -C ../custom_component_bsp/
[BSP build complete]
[custom_component build complete]
